# JRE version: OpenJDK Runtime Environment Temurin-17.0.13+11 (17.0.13+11) (build 17.0.13+11)
# Java VM: OpenJDK 64-Bit Server VM Temurin-17.0.13+11 (17.0.13+11, mixed mode, emulated-client, tiered, compressed oops, compressed class ptrs, g1 gc, windows-amd64)
GC Precious Log:
 CPUs: 4 total, 4 available
 Memory: 8104M
 Large Page Support: Disabled
 NUMA Support: Disabled
 Compressed Oops: Enabled (32-bit)
 Heap Region Size: 1M
 Heap Min Capacity: 8M
 Heap Initial Capacity: 128M
 Heap Max Capacity: 1G
 Pre-touch: Disabled
 Parallel Workers: 4
 Concurrent Workers: 1
 Concurrent Refinement Workers: 4
 Periodic GC: Disabled
Heap:
 garbage-first heap   total 89088K, used 56638K [0x00000000c0000000, 0x0000000100000000)
  region size 1024K, 15 young (15360K), 2 survivors (2048K)
 Metaspace       used 48896K, committed 49408K, reserved 1114112K
  class space    used 6048K, committed 6272K, reserved 1048576K
GC Heap History (20 events):
Event: 29.617 GC heap before
{Heap before GC invocations=2 (full 0):
 garbage-first heap   total 131072K, used 30807K [0x00000000c0000000, 0x0000000100000000)
  region size 1024K, 17 young (17408K), 2 survivors (2048K)
 Metaspace       used 11852K, committed 12096K, reserved 1114112K
  class space    used 1456K, committed 1600K, reserved 1048576K
}
Event: 29.622 GC heap after
{Heap after GC invocations=3 (full 0):
 garbage-first heap   total 131072K, used 16521K [0x00000000c0000000, 0x0000000100000000)
  region size 1024K, 1 young (1024K), 1 survivors (1024K)
 Metaspace       used 11852K, committed 12096K, reserved 1114112K
  class space    used 1456K, committed 1600K, reserved 1048576K
}
Event: 34.064 GC heap before
{Heap before GC invocations=3 (full 0):
 garbage-first heap   total 131072K, used 57481K [0x00000000c0000000, 0x0000000100000000)
  region size 1024K, 43 young (44032K), 1 survivors (1024K)
 Metaspace       used 21264K, committed 21504K, reserved 1114112K
  class space    used 2619K, committed 2752K, reserved 1048576K
}
Event: 34.074 GC heap after
{Heap after GC invocations=4 (full 0):
 garbage-first heap   total 131072K, used 19996K [0x00000000c0000000, 0x0000000100000000)
  region size 1024K, 5 young (5120K), 5 survivors (5120K)
 Metaspace       used 21264K, committed 21504K, reserved 1114112K
  class space    used 2619K, committed 2752K, reserved 1048576K
}
Event: 38.134 GC heap before
{Heap before GC invocations=5 (full 0):
 garbage-first heap   total 78848K, used 61980K [0x00000000c0000000, 0x0000000100000000)
  region size 1024K, 46 young (47104K), 5 survivors (5120K)
 Metaspace       used 28170K, committed 28416K, reserved 1114112K
  class space    used 3517K, committed 3648K, reserved 1048576K
}
Event: 38.154 GC heap after
{Heap after GC invocations=6 (full 0):
 garbage-first heap   total 78848K, used 23667K [0x00000000c0000000, 0x0000000100000000)
  region size 1024K, 4 young (4096K), 4 survivors (4096K)
 Metaspace       used 28170K, committed 28416K, reserved 1114112K
  class space    used 3517K, committed 3648K, reserved 1048576K
}
Event: 44.939 GC heap before
{Heap before GC invocations=6 (full 0):
 garbage-first heap   total 78848K, used 50291K [0x00000000c0000000, 0x0000000100000000)
  region size 1024K, 31 young (31744K), 4 survivors (4096K)
 Metaspace       used 32345K, committed 32704K, reserved 1114112K
  class space    used 4110K, committed 4288K, reserved 1048576K
}
Event: 44.958 GC heap after
{Heap after GC invocations=7 (full 0):
 garbage-first heap   total 78848K, used 26071K [0x00000000c0000000, 0x0000000100000000)
  region size 1024K, 3 young (3072K), 3 survivors (3072K)
 Metaspace       used 32345K, committed 32704K, reserved 1114112K
  class space    used 4110K, committed 4288K, reserved 1048576K
}
Event: 52.250 GC heap before
{Heap before GC invocations=7 (full 0):
 garbage-first heap   total 78848K, used 46551K [0x00000000c0000000, 0x0000000100000000)
  region size 1024K, 23 young (23552K), 3 survivors (3072K)
 Metaspace       used 35685K, committed 36096K, reserved 1114112K
  class space    used 4401K, committed 4608K, reserved 1048576K
}
Event: 52.267 GC heap after
{Heap after GC invocations=8 (full 0):
 garbage-first heap   total 78848K, used 28328K [0x00000000c0000000, 0x0000000100000000)
  region size 1024K, 3 young (3072K), 3 survivors (3072K)
 Metaspace       used 35685K, committed 36096K, reserved 1114112K
  class space    used 4401K, committed 4608K, reserved 1048576K
}
Event: 62.659 GC heap before
{Heap before GC invocations=9 (full 0):
 garbage-first heap   total 78848K, used 54952K [0x00000000c0000000, 0x0000000100000000)
  region size 1024K, 29 young (29696K), 3 survivors (3072K)
 Metaspace       used 40401K, committed 40832K, reserved 1114112K
  class space    used 5118K, committed 5312K, reserved 1048576K
}
Event: 62.667 GC heap after
{Heap after GC invocations=10 (full 0):
 garbage-first heap   total 78848K, used 30794K [0x00000000c0000000, 0x0000000100000000)
  region size 1024K, 3 young (3072K), 3 survivors (3072K)
 Metaspace       used 40401K, committed 40832K, reserved 1114112K
  class space    used 5118K, committed 5312K, reserved 1048576K
}
Event: 66.002 GC heap before
{Heap before GC invocations=10 (full 0):
 garbage-first heap   total 78848K, used 55370K [0x00000000c0000000, 0x0000000100000000)
  region size 1024K, 28 young (28672K), 3 survivors (3072K)
 Metaspace       used 43985K, committed 44416K, reserved 1114112K
  class space    used 5560K, committed 5760K, reserved 1048576K
}
Event: 66.014 GC heap after
{Heap after GC invocations=11 (full 0):
 garbage-first heap   total 78848K, used 32719K [0x00000000c0000000, 0x0000000100000000)
  region size 1024K, 2 young (2048K), 2 survivors (2048K)
 Metaspace       used 43985K, committed 44416K, reserved 1114112K
  class space    used 5560K, committed 5760K, reserved 1048576K
}
Event: 67.597 GC heap before
{Heap before GC invocations=11 (full 0):
 garbage-first heap   total 78848K, used 59343K [0x00000000c0000000, 0x0000000100000000)
  region size 1024K, 28 young (28672K), 2 survivors (2048K)
 Metaspace       used 46355K, committed 46848K, reserved 1114112K
  class space    used 5755K, committed 6016K, reserved 1048576K
}
Event: 67.604 GC heap after
{Heap after GC invocations=12 (full 0):
 garbage-first heap   total 78848K, used 42956K [0x00000000c0000000, 0x0000000100000000)
  region size 1024K, 4 young (4096K), 4 survivors (4096K)
 Metaspace       used 46355K, committed 46848K, reserved 1114112K
  class space    used 5755K, committed 6016K, reserved 1048576K
}
Event: 68.402 GC heap before
{Heap before GC invocations=12 (full 0):
 garbage-first heap   total 78848K, used 56268K [0x00000000c0000000, 0x0000000100000000)
  region size 1024K, 18 young (18432K), 4 survivors (4096K)
 Metaspace       used 48877K, committed 49344K, reserved 1114112K
  class space    used 6046K, committed 6272K, reserved 1048576K
}
Event: 68.407 GC heap after
{Heap after GC invocations=13 (full 0):
 garbage-first heap   total 78848K, used 43794K [0x00000000c0000000, 0x0000000100000000)
  region size 1024K, 1 young (1024K), 1 survivors (1024K)
 Metaspace       used 48877K, committed 49344K, reserved 1114112K
  class space    used 6046K, committed 6272K, reserved 1048576K
}
Event: 68.454 GC heap before
{Heap before GC invocations=13 (full 0):
 garbage-first heap   total 78848K, used 59154K [0x00000000c0000000, 0x0000000100000000)
  region size 1024K, 16 young (16384K), 1 survivors (1024K)
 Metaspace       used 48877K, committed 49344K, reserved 1114112K
  class space    used 6046K, committed 6272K, reserved 1048576K
}
Event: 68.456 GC heap after
{Heap after GC invocations=14 (full 0):
 garbage-first heap   total 78848K, used 44350K [0x00000000c0000000, 0x0000000100000000)
  region size 1024K, 2 young (2048K), 2 survivors (2048K)
 Metaspace       used 48877K, committed 49344K, reserved 1114112K
  class space    used 6046K, committed 6272K, reserved 1048576K
}

