# JRE version: OpenJDK Runtime Environment Temurin-17.0.12+7 (17.0.12+7) (build 17.0.12+7)
# Java VM: OpenJDK 64-Bit Server VM Temurin-17.0.12+7 (17.0.12+7, mixed mode, sharing, tiered, compressed oops, compressed class ptrs, g1 gc, windows-amd64)
GC Precious Log:
 CPUs: 4 total, 4 available
 Memory: 8104M
 Large Page Support: Disabled
 NUMA Support: Disabled
 Compressed Oops: Enabled (32-bit)
 Heap Region Size: 1M
 Heap Min Capacity: 8M
 Heap Initial Capacity: 128M
 Heap Max Capacity: 2028M
 Pre-touch: Disabled
 Parallel Workers: 4
 Concurrent Workers: 1
 Concurrent Refinement Workers: 4
 Periodic GC: Disabled
Heap:
 garbage-first heap   total 103424K, used 59458K [0x0000000081400000, 0x0000000100000000)
  region size 1024K, 23 young (23552K), 5 survivors (5120K)
 Metaspace       used 70007K, committed 70464K, reserved 1114112K
  class space    used 9401K, committed 9600K, reserved 1048576K
GC Heap History (20 events):
Event: 12.988 GC heap before
{Heap before GC invocations=11 (full 0):
 garbage-first heap   total 86016K, used 68850K [0x0000000081400000, 0x0000000100000000)
  region size 1024K, 50 young (51200K), 6 survivors (6144K)
 Metaspace       used 40221K, committed 40576K, reserved 1114112K
  class space    used 5094K, committed 5248K, reserved 1048576K
}
Event: 13.007 GC heap after
{Heap after GC invocations=12 (full 0):
 garbage-first heap   total 86016K, used 25703K [0x0000000081400000, 0x0000000100000000)
  region size 1024K, 6 young (6144K), 6 survivors (6144K)
 Metaspace       used 40221K, committed 40576K, reserved 1114112K
  class space    used 5094K, committed 5248K, reserved 1048576K
}
Event: 14.079 GC heap before
{Heap before GC invocations=12 (full 0):
 garbage-first heap   total 86016K, used 65639K [0x0000000081400000, 0x0000000100000000)
  region size 1024K, 44 young (45056K), 6 survivors (6144K)
 Metaspace       used 41889K, committed 42304K, reserved 1114112K
  class space    used 5315K, committed 5504K, reserved 1048576K
}
Event: 14.098 GC heap after
{Heap after GC invocations=13 (full 0):
 garbage-first heap   total 86016K, used 27382K [0x0000000081400000, 0x0000000100000000)
  region size 1024K, 5 young (5120K), 5 survivors (5120K)
 Metaspace       used 41889K, committed 42304K, reserved 1114112K
  class space    used 5315K, committed 5504K, reserved 1048576K
}
Event: 15.551 GC heap before
{Heap before GC invocations=13 (full 0):
 garbage-first heap   total 86016K, used 66294K [0x0000000081400000, 0x0000000100000000)
  region size 1024K, 43 young (44032K), 5 survivors (5120K)
 Metaspace       used 47039K, committed 47424K, reserved 1114112K
  class space    used 6094K, committed 6272K, reserved 1048576K
}
Event: 15.563 GC heap after
{Heap after GC invocations=14 (full 0):
 garbage-first heap   total 86016K, used 29328K [0x0000000081400000, 0x0000000100000000)
  region size 1024K, 4 young (4096K), 4 survivors (4096K)
 Metaspace       used 47039K, committed 47424K, reserved 1114112K
  class space    used 6094K, committed 6272K, reserved 1048576K
}
Event: 17.977 GC heap before
{Heap before GC invocations=14 (full 0):
 garbage-first heap   total 86016K, used 67216K [0x0000000081400000, 0x0000000100000000)
  region size 1024K, 41 young (41984K), 4 survivors (4096K)
 Metaspace       used 56444K, committed 56896K, reserved 1114112K
  class space    used 7379K, committed 7616K, reserved 1048576K
}
Event: 17.986 GC heap after
{Heap after GC invocations=15 (full 0):
 garbage-first heap   total 86016K, used 31241K [0x0000000081400000, 0x0000000100000000)
  region size 1024K, 4 young (4096K), 4 survivors (4096K)
 Metaspace       used 56444K, committed 56896K, reserved 1114112K
  class space    used 7379K, committed 7616K, reserved 1048576K
}
Event: 18.941 GC heap before
{Heap before GC invocations=15 (full 0):
 garbage-first heap   total 86016K, used 47625K [0x0000000081400000, 0x0000000100000000)
  region size 1024K, 21 young (21504K), 4 survivors (4096K)
 Metaspace       used 60004K, committed 60416K, reserved 1114112K
  class space    used 8016K, committed 8256K, reserved 1048576K
}
Event: 18.949 GC heap after
{Heap after GC invocations=16 (full 0):
 garbage-first heap   total 86016K, used 32169K [0x0000000081400000, 0x0000000100000000)
  region size 1024K, 3 young (3072K), 3 survivors (3072K)
 Metaspace       used 60004K, committed 60416K, reserved 1114112K
  class space    used 8016K, committed 8256K, reserved 1048576K
}
Event: 20.056 GC heap before
{Heap before GC invocations=17 (full 0):
 garbage-first heap   total 86016K, used 69033K [0x0000000081400000, 0x0000000100000000)
  region size 1024K, 39 young (39936K), 3 survivors (3072K)
 Metaspace       used 61726K, committed 62144K, reserved 1114112K
  class space    used 8275K, committed 8512K, reserved 1048576K
}
Event: 20.067 GC heap after
{Heap after GC invocations=18 (full 0):
 garbage-first heap   total 86016K, used 34079K [0x0000000081400000, 0x0000000100000000)
  region size 1024K, 3 young (3072K), 3 survivors (3072K)
 Metaspace       used 61726K, committed 62144K, reserved 1114112K
  class space    used 8275K, committed 8512K, reserved 1048576K
}
Event: 20.849 GC heap before
{Heap before GC invocations=18 (full 0):
 garbage-first heap   total 86016K, used 69919K [0x0000000081400000, 0x0000000100000000)
  region size 1024K, 38 young (38912K), 3 survivors (3072K)
 Metaspace       used 63207K, committed 63680K, reserved 1114112K
  class space    used 8467K, committed 8704K, reserved 1048576K
}
Event: 20.856 GC heap after
{Heap after GC invocations=19 (full 0):
 garbage-first heap   total 103424K, used 35422K [0x0000000081400000, 0x0000000100000000)
  region size 1024K, 4 young (4096K), 4 survivors (4096K)
 Metaspace       used 63207K, committed 63680K, reserved 1114112K
  class space    used 8467K, committed 8704K, reserved 1048576K
}
Event: 22.066 GC heap before
{Heap before GC invocations=19 (full 0):
 garbage-first heap   total 103424K, used 83550K [0x0000000081400000, 0x0000000100000000)
  region size 1024K, 51 young (52224K), 4 survivors (4096K)
 Metaspace       used 66027K, committed 66432K, reserved 1114112K
  class space    used 8828K, committed 9024K, reserved 1048576K
}
Event: 22.076 GC heap after
{Heap after GC invocations=20 (full 0):
 garbage-first heap   total 103424K, used 37828K [0x0000000081400000, 0x0000000100000000)
  region size 1024K, 6 young (6144K), 6 survivors (6144K)
 Metaspace       used 66027K, committed 66432K, reserved 1114112K
  class space    used 8828K, committed 9024K, reserved 1048576K
}
Event: 23.010 GC heap before
{Heap before GC invocations=20 (full 0):
 garbage-first heap   total 103424K, used 82884K [0x0000000081400000, 0x0000000100000000)
  region size 1024K, 51 young (52224K), 6 survivors (6144K)
 Metaspace       used 68084K, committed 68544K, reserved 1114112K
  class space    used 9147K, committed 9344K, reserved 1048576K
}
Event: 23.026 GC heap after
{Heap after GC invocations=21 (full 0):
 garbage-first heap   total 103424K, used 39939K [0x0000000081400000, 0x0000000100000000)
  region size 1024K, 5 young (5120K), 5 survivors (5120K)
 Metaspace       used 68084K, committed 68544K, reserved 1114112K
  class space    used 9147K, committed 9344K, reserved 1048576K
}
Event: 23.798 GC heap before
{Heap before GC invocations=21 (full 0):
 garbage-first heap   total 103424K, used 83971K [0x0000000081400000, 0x0000000100000000)
  region size 1024K, 48 young (49152K), 5 survivors (5120K)
 Metaspace       used 69633K, committed 70144K, reserved 1114112K
  class space    used 9350K, committed 9600K, reserved 1048576K
}
Event: 23.809 GC heap after
{Heap after GC invocations=22 (full 0):
 garbage-first heap   total 103424K, used 42050K [0x0000000081400000, 0x0000000100000000)
  region size 1024K, 5 young (5120K), 5 survivors (5120K)
 Metaspace       used 69633K, committed 70144K, reserved 1114112K
  class space    used 9350K, committed 9600K, reserved 1048576K
}

