# JRE version: OpenJDK Runtime Environment Temurin-17.0.13+11 (17.0.13+11) (build 17.0.13+11)
# Java VM: OpenJDK 64-Bit Server VM Temurin-17.0.13+11 (17.0.13+11, mixed mode, tiered, compressed oops, compressed class ptrs, parallel gc, windows-amd64)
GC Precious Log:
 CPUs: 4 total, 4 available
 Memory: 8104M
 Large Page Support: Disabled
 NUMA Support: Disabled
 Compressed Oops: Enabled (32-bit)
 Alignments: Space 512K, Generation 512K, Heap 2M
 Heap Min Capacity: 100M
 Heap Initial Capacity: 100M
 Heap Max Capacity: 1G
 Pre-touch: Disabled
 Parallel Workers: 4
Heap:
 PSYoungGen      total 9728K, used 9600K [0x00000000eab00000, 0x00000000eb580000, 0x0000000100000000)
  eden space 9216K, 100% used [0x00000000eab00000,0x00000000eb400000,0x00000000eb400000)
  from space 512K, 75% used [0x00000000eb500000,0x00000000eb560000,0x00000000eb580000)
  to   space 512K, 0% used [0x00000000eb480000,0x00000000eb480000,0x00000000eb500000)
 ParOldGen       total 341504K, used 324168K [0x00000000c0000000, 0x00000000d4d80000, 0x00000000eab00000)
  object space 341504K, 94% used [0x00000000c0000000,0x00000000d3c922a0,0x00000000d4d80000)
 Metaspace       used 73765K, committed 75072K, reserved 1179648K
  class space    used 7438K, committed 8000K, reserved 1048576K
GC Heap History (20 events):
Event: 85.267 GC heap before
{Heap before GC invocations=496 (full 17):
 PSYoungGen      total 9728K, used 9684K [0x00000000eab00000, 0x00000000eb580000, 0x0000000100000000)
  eden space 9216K, 100% used [0x00000000eab00000,0x00000000eb400000,0x00000000eb400000)
  from space 512K, 91% used [0x00000000eb500000,0x00000000eb575200,0x00000000eb580000)
  to   space 512K, 0% used [0x00000000eb480000,0x00000000eb480000,0x00000000eb500000)
 ParOldGen       total 341504K, used 322689K [0x00000000c0000000, 0x00000000d4d80000, 0x00000000eab00000)
  object space 341504K, 94% used [0x00000000c0000000,0x00000000d3b20758,0x00000000d4d80000)
 Metaspace       used 73754K, committed 75072K, reserved 1179648K
  class space    used 7437K, committed 8000K, reserved 1048576K
}
Event: 85.269 GC heap after
{Heap after GC invocations=496 (full 17):
 PSYoungGen      total 9728K, used 506K [0x00000000eab00000, 0x00000000eb600000, 0x0000000100000000)
  eden space 9216K, 0% used [0x00000000eab00000,0x00000000eab00000,0x00000000eb400000)
  from space 512K, 98% used [0x00000000eb480000,0x00000000eb4fe900,0x00000000eb500000)
  to   space 1024K, 0% used [0x00000000eb500000,0x00000000eb500000,0x00000000eb600000)
 ParOldGen       total 341504K, used 322769K [0x00000000c0000000, 0x00000000d4d80000, 0x00000000eab00000)
  object space 341504K, 94% used [0x00000000c0000000,0x00000000d3b34758,0x00000000d4d80000)
 Metaspace       used 73754K, committed 75072K, reserved 1179648K
  class space    used 7437K, committed 8000K, reserved 1048576K
}
Event: 85.304 GC heap before
{Heap before GC invocations=497 (full 17):
 PSYoungGen      total 9728K, used 9722K [0x00000000eab00000, 0x00000000eb600000, 0x0000000100000000)
  eden space 9216K, 100% used [0x00000000eab00000,0x00000000eb400000,0x00000000eb400000)
  from space 512K, 98% used [0x00000000eb480000,0x00000000eb4fe900,0x00000000eb500000)
  to   space 1024K, 0% used [0x00000000eb500000,0x00000000eb500000,0x00000000eb600000)
 ParOldGen       total 341504K, used 322769K [0x00000000c0000000, 0x00000000d4d80000, 0x00000000eab00000)
  object space 341504K, 94% used [0x00000000c0000000,0x00000000d3b34758,0x00000000d4d80000)
 Metaspace       used 73754K, committed 75072K, reserved 1179648K
  class space    used 7437K, committed 8000K, reserved 1048576K
}
Event: 85.307 GC heap after
{Heap after GC invocations=497 (full 17):
 PSYoungGen      total 9728K, used 288K [0x00000000eab00000, 0x00000000eb580000, 0x0000000100000000)
  eden space 9216K, 0% used [0x00000000eab00000,0x00000000eab00000,0x00000000eb400000)
  from space 512K, 56% used [0x00000000eb500000,0x00000000eb548000,0x00000000eb580000)
  to   space 512K, 0% used [0x00000000eb480000,0x00000000eb480000,0x00000000eb500000)
 ParOldGen       total 341504K, used 323102K [0x00000000c0000000, 0x00000000d4d80000, 0x00000000eab00000)
  object space 341504K, 94% used [0x00000000c0000000,0x00000000d3b87aa0,0x00000000d4d80000)
 Metaspace       used 73754K, committed 75072K, reserved 1179648K
  class space    used 7437K, committed 8000K, reserved 1048576K
}
Event: 85.354 GC heap before
{Heap before GC invocations=498 (full 17):
 PSYoungGen      total 9728K, used 9504K [0x00000000eab00000, 0x00000000eb580000, 0x0000000100000000)
  eden space 9216K, 100% used [0x00000000eab00000,0x00000000eb400000,0x00000000eb400000)
  from space 512K, 56% used [0x00000000eb500000,0x00000000eb548000,0x00000000eb580000)
  to   space 512K, 0% used [0x00000000eb480000,0x00000000eb480000,0x00000000eb500000)
 ParOldGen       total 341504K, used 323102K [0x00000000c0000000, 0x00000000d4d80000, 0x00000000eab00000)
  object space 341504K, 94% used [0x00000000c0000000,0x00000000d3b87aa0,0x00000000d4d80000)
 Metaspace       used 73755K, committed 75072K, reserved 1179648K
  class space    used 7437K, committed 8000K, reserved 1048576K
}
Event: 85.356 GC heap after
{Heap after GC invocations=498 (full 17):
 PSYoungGen      total 9728K, used 416K [0x00000000eab00000, 0x00000000eb580000, 0x0000000100000000)
  eden space 9216K, 0% used [0x00000000eab00000,0x00000000eab00000,0x00000000eb400000)
  from space 512K, 81% used [0x00000000eb480000,0x00000000eb4e8000,0x00000000eb500000)
  to   space 512K, 0% used [0x00000000eb500000,0x00000000eb500000,0x00000000eb580000)
 ParOldGen       total 341504K, used 323102K [0x00000000c0000000, 0x00000000d4d80000, 0x00000000eab00000)
  object space 341504K, 94% used [0x00000000c0000000,0x00000000d3b87aa0,0x00000000d4d80000)
 Metaspace       used 73755K, committed 75072K, reserved 1179648K
  class space    used 7437K, committed 8000K, reserved 1048576K
}
Event: 85.412 GC heap before
{Heap before GC invocations=499 (full 17):
 PSYoungGen      total 9728K, used 9632K [0x00000000eab00000, 0x00000000eb580000, 0x0000000100000000)
  eden space 9216K, 100% used [0x00000000eab00000,0x00000000eb400000,0x00000000eb400000)
  from space 512K, 81% used [0x00000000eb480000,0x00000000eb4e8000,0x00000000eb500000)
  to   space 512K, 0% used [0x00000000eb500000,0x00000000eb500000,0x00000000eb580000)
 ParOldGen       total 341504K, used 323102K [0x00000000c0000000, 0x00000000d4d80000, 0x00000000eab00000)
  object space 341504K, 94% used [0x00000000c0000000,0x00000000d3b87aa0,0x00000000d4d80000)
 Metaspace       used 73761K, committed 75072K, reserved 1179648K
  class space    used 7437K, committed 8000K, reserved 1048576K
}
Event: 85.416 GC heap after
{Heap after GC invocations=499 (full 17):
 PSYoungGen      total 9728K, used 512K [0x00000000eab00000, 0x00000000eb600000, 0x0000000100000000)
  eden space 9216K, 0% used [0x00000000eab00000,0x00000000eab00000,0x00000000eb400000)
  from space 512K, 100% used [0x00000000eb500000,0x00000000eb580000,0x00000000eb580000)
  to   space 1024K, 0% used [0x00000000eb400000,0x00000000eb400000,0x00000000eb500000)
 ParOldGen       total 341504K, used 323150K [0x00000000c0000000, 0x00000000d4d80000, 0x00000000eab00000)
  object space 341504K, 94% used [0x00000000c0000000,0x00000000d3b93aa0,0x00000000d4d80000)
 Metaspace       used 73761K, committed 75072K, reserved 1179648K
  class space    used 7437K, committed 8000K, reserved 1048576K
}
Event: 85.439 GC heap before
{Heap before GC invocations=500 (full 17):
 PSYoungGen      total 9728K, used 9728K [0x00000000eab00000, 0x00000000eb600000, 0x0000000100000000)
  eden space 9216K, 100% used [0x00000000eab00000,0x00000000eb400000,0x00000000eb400000)
  from space 512K, 100% used [0x00000000eb500000,0x00000000eb580000,0x00000000eb580000)
  to   space 1024K, 0% used [0x00000000eb400000,0x00000000eb400000,0x00000000eb500000)
 ParOldGen       total 341504K, used 323150K [0x00000000c0000000, 0x00000000d4d80000, 0x00000000eab00000)
  object space 341504K, 94% used [0x00000000c0000000,0x00000000d3b93aa0,0x00000000d4d80000)
 Metaspace       used 73761K, committed 75072K, reserved 1179648K
  class space    used 7437K, committed 8000K, reserved 1048576K
}
Event: 85.441 GC heap after
{Heap after GC invocations=500 (full 17):
 PSYoungGen      total 10240K, used 320K [0x00000000eab00000, 0x00000000eb580000, 0x0000000100000000)
  eden space 9216K, 0% used [0x00000000eab00000,0x00000000eab00000,0x00000000eb400000)
  from space 1024K, 31% used [0x00000000eb400000,0x00000000eb450000,0x00000000eb500000)
  to   space 512K, 0% used [0x00000000eb500000,0x00000000eb500000,0x00000000eb580000)
 ParOldGen       total 341504K, used 323342K [0x00000000c0000000, 0x00000000d4d80000, 0x00000000eab00000)
  object space 341504K, 94% used [0x00000000c0000000,0x00000000d3bc3aa0,0x00000000d4d80000)
 Metaspace       used 73761K, committed 75072K, reserved 1179648K
  class space    used 7437K, committed 8000K, reserved 1048576K
}
Event: 85.683 GC heap before
{Heap before GC invocations=501 (full 17):
 PSYoungGen      total 10240K, used 9536K [0x00000000eab00000, 0x00000000eb580000, 0x0000000100000000)
  eden space 9216K, 100% used [0x00000000eab00000,0x00000000eb400000,0x00000000eb400000)
  from space 1024K, 31% used [0x00000000eb400000,0x00000000eb450000,0x00000000eb500000)
  to   space 512K, 0% used [0x00000000eb500000,0x00000000eb500000,0x00000000eb580000)
 ParOldGen       total 341504K, used 323342K [0x00000000c0000000, 0x00000000d4d80000, 0x00000000eab00000)
  object space 341504K, 94% used [0x00000000c0000000,0x00000000d3bc3aa0,0x00000000d4d80000)
 Metaspace       used 73762K, committed 75072K, reserved 1179648K
  class space    used 7438K, committed 8000K, reserved 1048576K
}
Event: 85.685 GC heap after
{Heap after GC invocations=501 (full 17):
 PSYoungGen      total 9728K, used 489K [0x00000000eab00000, 0x00000000eb600000, 0x0000000100000000)
  eden space 9216K, 0% used [0x00000000eab00000,0x00000000eab00000,0x00000000eb400000)
  from space 512K, 95% used [0x00000000eb500000,0x00000000eb57a400,0x00000000eb580000)
  to   space 1024K, 0% used [0x00000000eb400000,0x00000000eb400000,0x00000000eb500000)
 ParOldGen       total 341504K, used 323455K [0x00000000c0000000, 0x00000000d4d80000, 0x00000000eab00000)
  object space 341504K, 94% used [0x00000000c0000000,0x00000000d3bdfea0,0x00000000d4d80000)
 Metaspace       used 73762K, committed 75072K, reserved 1179648K
  class space    used 7438K, committed 8000K, reserved 1048576K
}
Event: 85.708 GC heap before
{Heap before GC invocations=502 (full 17):
 PSYoungGen      total 9728K, used 9705K [0x00000000eab00000, 0x00000000eb600000, 0x0000000100000000)
  eden space 9216K, 100% used [0x00000000eab00000,0x00000000eb400000,0x00000000eb400000)
  from space 512K, 95% used [0x00000000eb500000,0x00000000eb57a400,0x00000000eb580000)
  to   space 1024K, 0% used [0x00000000eb400000,0x00000000eb400000,0x00000000eb500000)
 ParOldGen       total 341504K, used 323455K [0x00000000c0000000, 0x00000000d4d80000, 0x00000000eab00000)
  object space 341504K, 94% used [0x00000000c0000000,0x00000000d3bdfea0,0x00000000d4d80000)
 Metaspace       used 73762K, committed 75072K, reserved 1179648K
  class space    used 7438K, committed 8000K, reserved 1048576K
}
Event: 85.714 GC heap after
{Heap after GC invocations=502 (full 17):
 PSYoungGen      total 10240K, used 521K [0x00000000eab00000, 0x00000000eb600000, 0x0000000100000000)
  eden space 9216K, 0% used [0x00000000eab00000,0x00000000eab00000,0x00000000eb400000)
  from space 1024K, 50% used [0x00000000eb400000,0x00000000eb482400,0x00000000eb500000)
  to   space 1024K, 0% used [0x00000000eb500000,0x00000000eb500000,0x00000000eb600000)
 ParOldGen       total 341504K, used 323551K [0x00000000c0000000, 0x00000000d4d80000, 0x00000000eab00000)
  object space 341504K, 94% used [0x00000000c0000000,0x00000000d3bf7ea0,0x00000000d4d80000)
 Metaspace       used 73762K, committed 75072K, reserved 1179648K
  class space    used 7438K, committed 8000K, reserved 1048576K
}
Event: 85.767 GC heap before
{Heap before GC invocations=503 (full 17):
 PSYoungGen      total 10240K, used 9737K [0x00000000eab00000, 0x00000000eb600000, 0x0000000100000000)
  eden space 9216K, 100% used [0x00000000eab00000,0x00000000eb400000,0x00000000eb400000)
  from space 1024K, 50% used [0x00000000eb400000,0x00000000eb482400,0x00000000eb500000)
  to   space 1024K, 0% used [0x00000000eb500000,0x00000000eb500000,0x00000000eb600000)
 ParOldGen       total 341504K, used 323551K [0x00000000c0000000, 0x00000000d4d80000, 0x00000000eab00000)
  object space 341504K, 94% used [0x00000000c0000000,0x00000000d3bf7ea0,0x00000000d4d80000)
 Metaspace       used 73762K, committed 75072K, reserved 1179648K
  class space    used 7438K, committed 8000K, reserved 1048576K
}
Event: 85.769 GC heap after
{Heap after GC invocations=503 (full 17):
 PSYoungGen      total 9728K, used 352K [0x00000000eab00000, 0x00000000eb580000, 0x0000000100000000)
  eden space 9216K, 0% used [0x00000000eab00000,0x00000000eab00000,0x00000000eb400000)
  from space 512K, 68% used [0x00000000eb500000,0x00000000eb558000,0x00000000eb580000)
  to   space 512K, 0% used [0x00000000eb480000,0x00000000eb480000,0x00000000eb500000)
 ParOldGen       total 341504K, used 323912K [0x00000000c0000000, 0x00000000d4d80000, 0x00000000eab00000)
  object space 341504K, 94% used [0x00000000c0000000,0x00000000d3c522a0,0x00000000d4d80000)
 Metaspace       used 73762K, committed 75072K, reserved 1179648K
  class space    used 7438K, committed 8000K, reserved 1048576K
}
Event: 85.786 GC heap before
{Heap before GC invocations=504 (full 17):
 PSYoungGen      total 9728K, used 9568K [0x00000000eab00000, 0x00000000eb580000, 0x0000000100000000)
  eden space 9216K, 100% used [0x00000000eab00000,0x00000000eb400000,0x00000000eb400000)
  from space 512K, 68% used [0x00000000eb500000,0x00000000eb558000,0x00000000eb580000)
  to   space 512K, 0% used [0x00000000eb480000,0x00000000eb480000,0x00000000eb500000)
 ParOldGen       total 341504K, used 323912K [0x00000000c0000000, 0x00000000d4d80000, 0x00000000eab00000)
  object space 341504K, 94% used [0x00000000c0000000,0x00000000d3c522a0,0x00000000d4d80000)
 Metaspace       used 73762K, committed 75072K, reserved 1179648K
  class space    used 7438K, committed 8000K, reserved 1048576K
}
Event: 85.788 GC heap after
{Heap after GC invocations=504 (full 17):
 PSYoungGen      total 9728K, used 192K [0x00000000eab00000, 0x00000000eb580000, 0x0000000100000000)
  eden space 9216K, 0% used [0x00000000eab00000,0x00000000eab00000,0x00000000eb400000)
  from space 512K, 37% used [0x00000000eb480000,0x00000000eb4b0000,0x00000000eb500000)
  to   space 512K, 0% used [0x00000000eb500000,0x00000000eb500000,0x00000000eb580000)
 ParOldGen       total 341504K, used 323984K [0x00000000c0000000, 0x00000000d4d80000, 0x00000000eab00000)
  object space 341504K, 94% used [0x00000000c0000000,0x00000000d3c642a0,0x00000000d4d80000)
 Metaspace       used 73762K, committed 75072K, reserved 1179648K
  class space    used 7438K, committed 8000K, reserved 1048576K
}
Event: 85.835 GC heap before
{Heap before GC invocations=505 (full 17):
 PSYoungGen      total 9728K, used 9408K [0x00000000eab00000, 0x00000000eb580000, 0x0000000100000000)
  eden space 9216K, 100% used [0x00000000eab00000,0x00000000eb400000,0x00000000eb400000)
  from space 512K, 37% used [0x00000000eb480000,0x00000000eb4b0000,0x00000000eb500000)
  to   space 512K, 0% used [0x00000000eb500000,0x00000000eb500000,0x00000000eb580000)
 ParOldGen       total 341504K, used 323984K [0x00000000c0000000, 0x00000000d4d80000, 0x00000000eab00000)
  object space 341504K, 94% used [0x00000000c0000000,0x00000000d3c642a0,0x00000000d4d80000)
 Metaspace       used 73762K, committed 75072K, reserved 1179648K
  class space    used 7438K, committed 8000K, reserved 1048576K
}
Event: 85.837 GC heap after
{Heap after GC invocations=505 (full 17):
 PSYoungGen      total 9728K, used 160K [0x00000000eab00000, 0x00000000eb580000, 0x0000000100000000)
  eden space 9216K, 0% used [0x00000000eab00000,0x00000000eab00000,0x00000000eb400000)
  from space 512K, 31% used [0x00000000eb500000,0x00000000eb528000,0x00000000eb580000)
  to   space 512K, 0% used [0x00000000eb480000,0x00000000eb480000,0x00000000eb500000)
 ParOldGen       total 341504K, used 324056K [0x00000000c0000000, 0x00000000d4d80000, 0x00000000eab00000)
  object space 341504K, 94% used [0x00000000c0000000,0x00000000d3c762a0,0x00000000d4d80000)
 Metaspace       used 73762K, committed 75072K, reserved 1179648K
  class space    used 7438K, committed 8000K, reserved 1048576K
}

