<?xml version="1.0" encoding="UTF-8"?>
<testsuite xmlns:xsi="http://www.w3.org/2001/XMLSchema-instance" xsi:noNamespaceSchemaLocation="https://maven.apache.org/surefire/maven-surefire-plugin/xsd/surefire-test-report-3.0.xsd" version="3.0" name="com.fortest.myorders.eureka_server.EurekaServerApplicationTests" time="13.829" tests="1" errors="0" skipped="0" failures="0">
  <properties>
[...]
</properties>
  <testcase name="contextLoads" classname="com.fortest.myorders.eureka_server.EurekaServerApplicationTests" time="0.624">
    <system-out><![CDATA[08:47:33.318 [main] DEBUG org.springframework.test.context.BootstrapUtils - Instantiating CacheAwareContextLoaderDelegate from class [org.springframework.test.context.cache.DefaultCacheAwareContextLoaderDelegate]
08:47:33.342 [main] DEBUG org.springframework.test.context.BootstrapUtils - Instantiating BootstrapContext using constructor [public org.springframework.test.context.support.DefaultBootstrapContext(java.lang.Class,org.springframework.test.context.CacheAwareContextLoaderDelegate)]
08:47:33.434 [main] DEBUG org.springframework.test.context.BootstrapUtils - Instantiating TestContextBootstrapper for test class [com.fortest.myorders.eureka_server.EurekaServerApplicationTests] from class [org.springframework.boot.test.context.SpringBootTestContextBootstrapper]
08:47:33.458 [main] INFO org.springframework.boot.test.context.SpringBootTestContextBootstrapper - Neither @ContextConfiguration nor @ContextHierarchy found for test class [com.fortest.myorders.eureka_server.EurekaServerApplicationTests], using SpringBootContextLoader
08:47:33.466 [main] DEBUG org.springframework.test.context.support.AbstractContextLoader - Did not detect default resource location for test class [com.fortest.myorders.eureka_server.EurekaServerApplicationTests]: class path resource [com/fortest/myorders/eureka_server/EurekaServerApplicationTests-context.xml] does not exist
08:47:33.466 [main] DEBUG org.springframework.test.context.support.AbstractContextLoader - Did not detect default resource location for test class [com.fortest.myorders.eureka_server.EurekaServerApplicationTests]: class path resource [com/fortest/myorders/eureka_server/EurekaServerApplicationTestsContext.groovy] does not exist
08:47:33.467 [main] INFO org.springframework.test.context.support.AbstractContextLoader - Could not detect default resource locations for test class [com.fortest.myorders.eureka_server.EurekaServerApplicationTests]: no resource found for suffixes {-context.xml, Context.groovy}.
08:47:33.468 [main] INFO org.springframework.test.context.support.AnnotationConfigContextLoaderUtils - Could not detect default configuration classes for test class [com.fortest.myorders.eureka_server.EurekaServerApplicationTests]: EurekaServerApplicationTests does not declare any static, non-private, non-final, nested classes annotated with @Configuration.
08:47:33.639 [main] DEBUG org.springframework.test.context.support.ActiveProfilesUtils - Could not find an 'annotation declaring class' for annotation type [org.springframework.test.context.ActiveProfiles] and class [com.fortest.myorders.eureka_server.EurekaServerApplicationTests]
08:47:33.830 [main] DEBUG org.springframework.context.annotation.ClassPathScanningCandidateComponentProvider - Identified candidate component class: file [C:\Users\DZIKO\Desktop\My Docs\Cours\MicroServices\myordersservices\myordersservices\eureka-server\target\classes\com\fortest\myorders\eureka_server\EurekaServerApplication.class]
08:47:33.832 [main] INFO org.springframework.boot.test.context.SpringBootTestContextBootstrapper - Found @SpringBootConfiguration com.fortest.myorders.eureka_server.EurekaServerApplication for test class com.fortest.myorders.eureka_server.EurekaServerApplicationTests
08:47:34.029 [main] DEBUG org.springframework.boot.test.context.SpringBootTestContextBootstrapper - @TestExecutionListeners is not present for class [com.fortest.myorders.eureka_server.EurekaServerApplicationTests]: using defaults.
08:47:34.029 [main] INFO org.springframework.boot.test.context.SpringBootTestContextBootstrapper - Loaded default TestExecutionListener class names from location [META-INF/spring.factories]: [org.springframework.boot.test.mock.mockito.MockitoTestExecutionListener, org.springframework.boot.test.mock.mockito.ResetMocksTestExecutionListener, org.springframework.boot.test.autoconfigure.restdocs.RestDocsTestExecutionListener, org.springframework.boot.test.autoconfigure.web.client.MockRestServiceServerResetTestExecutionListener, org.springframework.boot.test.autoconfigure.web.servlet.MockMvcPrintOnlyOnFailureTestExecutionListener, org.springframework.boot.test.autoconfigure.web.servlet.WebDriverTestExecutionListener, org.springframework.boot.test.autoconfigure.webservices.client.MockWebServiceServerTestExecutionListener, org.springframework.test.context.web.ServletTestExecutionListener, org.springframework.test.context.support.DirtiesContextBeforeModesTestExecutionListener, org.springframework.test.context.event.ApplicationEventsTestExecutionListener, org.springframework.test.context.support.DependencyInjectionTestExecutionListener, org.springframework.test.context.support.DirtiesContextTestExecutionListener, org.springframework.test.context.transaction.TransactionalTestExecutionListener, org.springframework.test.context.jdbc.SqlScriptsTestExecutionListener, org.springframework.test.context.event.EventPublishingTestExecutionListener]
08:47:34.047 [main] DEBUG org.springframework.boot.test.context.SpringBootTestContextBootstrapper - Skipping candidate TestExecutionListener [org.springframework.test.context.transaction.TransactionalTestExecutionListener] due to a missing dependency. Specify custom listener classes or make the default listener classes and their required dependencies available. Offending class: [org/springframework/transaction/interceptor/TransactionAttributeSource]
08:47:34.048 [main] DEBUG org.springframework.boot.test.context.SpringBootTestContextBootstrapper - Skipping candidate TestExecutionListener [org.springframework.test.context.jdbc.SqlScriptsTestExecutionListener] due to a missing dependency. Specify custom listener classes or make the default listener classes and their required dependencies available. Offending class: [org/springframework/transaction/interceptor/TransactionAttribute]
08:47:34.049 [main] INFO org.springframework.boot.test.context.SpringBootTestContextBootstrapper - Using TestExecutionListeners: [org.springframework.test.context.web.ServletTestExecutionListener@5cde6747, org.springframework.test.context.support.DirtiesContextBeforeModesTestExecutionListener@63a270c9, org.springframework.test.context.event.ApplicationEventsTestExecutionListener@37c7595, org.springframework.boot.test.mock.mockito.MockitoTestExecutionListener@3ed242a4, org.springframework.boot.test.autoconfigure.SpringBootDependencyInjectionTestExecutionListener@1199fe66, org.springframework.test.context.support.DirtiesContextTestExecutionListener@614df0a4, org.springframework.test.context.event.EventPublishingTestExecutionListener@1fdf1c5, org.springframework.boot.test.mock.mockito.ResetMocksTestExecutionListener@2d96543c, org.springframework.boot.test.autoconfigure.restdocs.RestDocsTestExecutionListener@73a2e526, org.springframework.boot.test.autoconfigure.web.client.MockRestServiceServerResetTestExecutionListener@7d64e326, org.springframework.boot.test.autoconfigure.web.servlet.MockMvcPrintOnlyOnFailureTestExecutionListener@13f95696, org.springframework.boot.test.autoconfigure.web.servlet.WebDriverTestExecutionListener@cd1d761, org.springframework.boot.test.autoconfigure.webservices.client.MockWebServiceServerTestExecutionListener@68be8808]
08:47:34.056 [main] DEBUG org.springframework.test.context.support.AbstractDirtiesContextTestExecutionListener - Before test class: context [DefaultTestContext@6e35bc3d testClass = EurekaServerApplicationTests, testInstance = [null], testMethod = [null], testException = [null], mergedContextConfiguration = [WebMergedContextConfiguration@1cdc4c27 testClass = EurekaServerApplicationTests, locations = '{}', classes = '{class com.fortest.myorders.eureka_server.EurekaServerApplication}', contextInitializerClasses = '[]', activeProfiles = '{}', propertySourceLocations = '{}', propertySourceProperties = '{org.springframework.boot.test.context.SpringBootTestContextBootstrapper=true}', contextCustomizers = set[org.springframework.boot.test.context.filter.ExcludeFilterContextCustomizer@5e2c3d18, org.springframework.boot.test.json.DuplicateJsonObjectContextCustomizerFactory$DuplicateJsonObjectContextCustomizer@6caf0677, org.springframework.boot.test.mock.mockito.MockitoContextCustomizer@0, org.springframework.boot.test.web.client.TestRestTemplateContextCustomizer@6440112d, org.springframework.boot.test.autoconfigure.actuate.metrics.MetricsExportContextCustomizerFactory$DisableMetricExportContextCustomizer@8462f31, org.springframework.boot.test.autoconfigure.properties.PropertyMappingContextCustomizer@0, org.springframework.boot.test.autoconfigure.web.servlet.WebDriverContextCustomizerFactory$Customizer@3f4faf53, org.springframework.boot.test.context.SpringBootTestArgs@1, org.springframework.boot.test.context.SpringBootTestWebEnvironment@31206beb], resourceBasePath = 'src/main/webapp', contextLoader = 'org.springframework.boot.test.context.SpringBootContextLoader', parent = [null]], attributes = map['org.springframework.test.context.web.ServletTestExecutionListener.activateListener' -> true]], class annotated with @DirtiesContext [false] with mode [null].

  .   ____          _            __ _ _
 /\\ / ___'_ __ _ _(_)_ __  __ _ \ \ \ \
( ( )\___ | '_ | '_| | '_ \/ _` | \ \ \ \
 \\/  ___)| |_)| | | | | || (_| |  ) ) ) )
  '  |____| .__|_| |_|_| |_\__, | / / / /
 =========|_|==============|___/=/_/_/_/
 :: Spring Boot ::                (v2.7.0)

2024-11-07 08:47:36.252  INFO 3688 --- [           main] c.f.m.e.EurekaServerApplicationTests     : Starting EurekaServerApplicationTests using Java 21.0.1 on DZIKO with PID 3688 (started by DZIKO in C:\Users\DZIKO\Desktop\My Docs\Cours\MicroServices\myordersservices\myordersservices\eureka-server)
2024-11-07 08:47:36.255  INFO 3688 --- [           main] c.f.m.e.EurekaServerApplicationTests     : No active profile set, falling back to 1 default profile: "default"
2024-11-07 08:47:38.704  INFO 3688 --- [           main] o.s.cloud.context.scope.GenericScope     : BeanFactory id=758b1e55-4e29-317d-912f-8ebcc4311929
2024-11-07 08:47:42.200  INFO 3688 --- [           main] o.s.cloud.commons.util.InetUtils         : Cannot determine local hostname
2024-11-07 08:47:44.155  INFO 3688 --- [           main] o.s.cloud.commons.util.InetUtils         : Cannot determine local hostname
2024-11-07 08:47:44.215  INFO 3688 --- [           main] DiscoveryClientOptionalArgsConfiguration : Eureka HTTP Client uses Jersey
2024-11-07 08:47:44.550  WARN 3688 --- [           main] iguration$LoadBalancerCaffeineWarnLogger : Spring Cloud LoadBalancer is currently working with the default cache. While this cache implementation is useful for development and tests, it's recommended to use Caffeine cache in production.You can switch to using Caffeine cache, by adding it and org.springframework.cache.caffeine.CaffeineCacheManager to the classpath.
2024-11-07 08:47:45.084  INFO 3688 --- [           main] o.s.c.n.eureka.InstanceInfoFactory       : Setting initial instance status as: STARTING
2024-11-07 08:47:45.155  INFO 3688 --- [           main] com.netflix.discovery.DiscoveryClient    : Initializing Eureka in region us-east-1
2024-11-07 08:47:45.156  INFO 3688 --- [           main] com.netflix.discovery.DiscoveryClient    : Client configured to neither register nor query for data.
2024-11-07 08:47:45.173  INFO 3688 --- [           main] com.netflix.discovery.DiscoveryClient    : Discovery Client initialized at timestamp 1730969265171 with initial instances count: 0
2024-11-07 08:47:45.278  INFO 3688 --- [           main] c.n.eureka.DefaultEurekaServerContext    : Initializing ...
2024-11-07 08:47:45.283  WARN 3688 --- [           main] c.n.eureka.cluster.PeerEurekaNodes       : The replica size seems to be empty. Check the route 53 DNS Registry
2024-11-07 08:47:45.552  INFO 3688 --- [           main] c.n.e.registry.AbstractInstanceRegistry  : Finished initializing remote region registries. All known remote regions: []
2024-11-07 08:47:45.554  INFO 3688 --- [           main] c.n.eureka.DefaultEurekaServerContext    : Initialized
2024-11-07 08:47:46.056  INFO 3688 --- [           main] o.s.b.a.e.web.EndpointLinksResolver      : Exposing 2 endpoint(s) beneath base path '/actuator'
2024-11-07 08:47:46.182  INFO 3688 --- [           main] o.s.c.n.e.s.EurekaServiceRegistry        : Registering application EUREKA-SERVER with eureka with status UP
2024-11-07 08:47:46.212  INFO 3688 --- [      Thread-11] o.s.c.n.e.server.EurekaServerBootstrap   : isAws returned false
2024-11-07 08:47:46.213  INFO 3688 --- [      Thread-11] o.s.c.n.e.server.EurekaServerBootstrap   : Initialized server context
2024-11-07 08:47:46.214  INFO 3688 --- [      Thread-11] c.n.e.r.PeerAwareInstanceRegistryImpl    : Got 1 instances from neighboring DS node
2024-11-07 08:47:46.214  INFO 3688 --- [      Thread-11] c.n.e.r.PeerAwareInstanceRegistryImpl    : Renew threshold is: 1
2024-11-07 08:47:46.214  INFO 3688 --- [      Thread-11] c.n.e.r.PeerAwareInstanceRegistryImpl    : Changing status to UP
2024-11-07 08:47:46.243  INFO 3688 --- [           main] c.f.m.e.EurekaServerApplicationTests     : Started EurekaServerApplicationTests in 12.086 seconds (JVM running for 14.362)
2024-11-07 08:47:46.272  INFO 3688 --- [      Thread-11] e.s.EurekaServerInitializerConfiguration : Started Eureka Server
]]></system-out>
  </testcase>
</testsuite>