<?xml version="1.0" encoding="UTF-8"?>
<testsuite xmlns:xsi="http://www.w3.org/2001/XMLSchema-instance" xsi:noNamespaceSchemaLocation="https://maven.apache.org/surefire/maven-surefire-plugin/xsd/surefire-test-report-3.0.xsd" version="3.0" name="com.fortest.myorders.config_server.ConfigServerApplicationTests" time="21.179" tests="1" errors="0" skipped="0" failures="0">
  <properties>
[...]
</properties>
  <testcase name="contextLoads" classname="com.fortest.myorders.config_server.ConfigServerApplicationTests" time="0.641">
    <system-out><![CDATA[09:01:54.072 [main] DEBUG org.springframework.test.context.BootstrapUtils - Instantiating CacheAwareContextLoaderDelegate from class [org.springframework.test.context.cache.DefaultCacheAwareContextLoaderDelegate]
09:01:54.097 [main] DEBUG org.springframework.test.context.BootstrapUtils - Instantiating BootstrapContext using constructor [public org.springframework.test.context.support.DefaultBootstrapContext(java.lang.Class,org.springframework.test.context.CacheAwareContextLoaderDelegate)]
09:01:54.202 [main] DEBUG org.springframework.test.context.BootstrapUtils - Instantiating TestContextBootstrapper for test class [com.fortest.myorders.config_server.ConfigServerApplicationTests] from class [org.springframework.boot.test.context.SpringBootTestContextBootstrapper]
09:01:54.238 [main] INFO org.springframework.boot.test.context.SpringBootTestContextBootstrapper - Neither @ContextConfiguration nor @ContextHierarchy found for test class [com.fortest.myorders.config_server.ConfigServerApplicationTests], using SpringBootContextLoader
09:01:54.244 [main] DEBUG org.springframework.test.context.support.AbstractContextLoader - Did not detect default resource location for test class [com.fortest.myorders.config_server.ConfigServerApplicationTests]: class path resource [com/fortest/myorders/config_server/ConfigServerApplicationTests-context.xml] does not exist
09:01:54.246 [main] DEBUG org.springframework.test.context.support.AbstractContextLoader - Did not detect default resource location for test class [com.fortest.myorders.config_server.ConfigServerApplicationTests]: class path resource [com/fortest/myorders/config_server/ConfigServerApplicationTestsContext.groovy] does not exist
09:01:54.246 [main] INFO org.springframework.test.context.support.AbstractContextLoader - Could not detect default resource locations for test class [com.fortest.myorders.config_server.ConfigServerApplicationTests]: no resource found for suffixes {-context.xml, Context.groovy}.
09:01:54.247 [main] INFO org.springframework.test.context.support.AnnotationConfigContextLoaderUtils - Could not detect default configuration classes for test class [com.fortest.myorders.config_server.ConfigServerApplicationTests]: ConfigServerApplicationTests does not declare any static, non-private, non-final, nested classes annotated with @Configuration.
09:01:54.382 [main] DEBUG org.springframework.test.context.support.ActiveProfilesUtils - Could not find an 'annotation declaring class' for annotation type [org.springframework.test.context.ActiveProfiles] and class [com.fortest.myorders.config_server.ConfigServerApplicationTests]
09:01:54.523 [main] DEBUG org.springframework.context.annotation.ClassPathScanningCandidateComponentProvider - Identified candidate component class: file [C:\Users\DZIKO\Desktop\My Docs\Cours\MicroServices\myordersservices\myordersservices\config-server\target\classes\com\fortest\myorders\config_server\ConfigServerApplication.class]
09:01:54.524 [main] INFO org.springframework.boot.test.context.SpringBootTestContextBootstrapper - Found @SpringBootConfiguration com.fortest.myorders.config_server.ConfigServerApplication for test class com.fortest.myorders.config_server.ConfigServerApplicationTests
09:01:54.722 [main] DEBUG org.springframework.boot.test.context.SpringBootTestContextBootstrapper - @TestExecutionListeners is not present for class [com.fortest.myorders.config_server.ConfigServerApplicationTests]: using defaults.
09:01:54.723 [main] INFO org.springframework.boot.test.context.SpringBootTestContextBootstrapper - Loaded default TestExecutionListener class names from location [META-INF/spring.factories]: [org.springframework.boot.test.mock.mockito.MockitoTestExecutionListener, org.springframework.boot.test.mock.mockito.ResetMocksTestExecutionListener, org.springframework.boot.test.autoconfigure.restdocs.RestDocsTestExecutionListener, org.springframework.boot.test.autoconfigure.web.client.MockRestServiceServerResetTestExecutionListener, org.springframework.boot.test.autoconfigure.web.servlet.MockMvcPrintOnlyOnFailureTestExecutionListener, org.springframework.boot.test.autoconfigure.web.servlet.WebDriverTestExecutionListener, org.springframework.boot.test.autoconfigure.webservices.client.MockWebServiceServerTestExecutionListener, org.springframework.test.context.web.ServletTestExecutionListener, org.springframework.test.context.support.DirtiesContextBeforeModesTestExecutionListener, org.springframework.test.context.event.ApplicationEventsTestExecutionListener, org.springframework.test.context.support.DependencyInjectionTestExecutionListener, org.springframework.test.context.support.DirtiesContextTestExecutionListener, org.springframework.test.context.transaction.TransactionalTestExecutionListener, org.springframework.test.context.jdbc.SqlScriptsTestExecutionListener, org.springframework.test.context.event.EventPublishingTestExecutionListener]
09:01:54.738 [main] DEBUG org.springframework.boot.test.context.SpringBootTestContextBootstrapper - Skipping candidate TestExecutionListener [org.springframework.test.context.transaction.TransactionalTestExecutionListener] due to a missing dependency. Specify custom listener classes or make the default listener classes and their required dependencies available. Offending class: [org/springframework/transaction/interceptor/TransactionAttributeSource]
09:01:54.739 [main] DEBUG org.springframework.boot.test.context.SpringBootTestContextBootstrapper - Skipping candidate TestExecutionListener [org.springframework.test.context.jdbc.SqlScriptsTestExecutionListener] due to a missing dependency. Specify custom listener classes or make the default listener classes and their required dependencies available. Offending class: [org/springframework/transaction/interceptor/TransactionAttribute]
09:01:54.739 [main] INFO org.springframework.boot.test.context.SpringBootTestContextBootstrapper - Using TestExecutionListeners: [org.springframework.test.context.web.ServletTestExecutionListener@35f26e72, org.springframework.test.context.support.DirtiesContextBeforeModesTestExecutionListener@2d6764b2, org.springframework.test.context.event.ApplicationEventsTestExecutionListener@67304a40, org.springframework.boot.test.mock.mockito.MockitoTestExecutionListener@49c6c24f, org.springframework.boot.test.autoconfigure.SpringBootDependencyInjectionTestExecutionListener@6fe1b4fb, org.springframework.test.context.support.DirtiesContextTestExecutionListener@79351f41, org.springframework.test.context.event.EventPublishingTestExecutionListener@1c32386d, org.springframework.boot.test.mock.mockito.ResetMocksTestExecutionListener@6399551e, org.springframework.boot.test.autoconfigure.restdocs.RestDocsTestExecutionListener@13d73fa, org.springframework.boot.test.autoconfigure.web.client.MockRestServiceServerResetTestExecutionListener@5023bb8b, org.springframework.boot.test.autoconfigure.web.servlet.MockMvcPrintOnlyOnFailureTestExecutionListener@5d5f10b2, org.springframework.boot.test.autoconfigure.web.servlet.WebDriverTestExecutionListener@74c79fa2, org.springframework.boot.test.autoconfigure.webservices.client.MockWebServiceServerTestExecutionListener@1e0f9063]
09:01:54.745 [main] DEBUG org.springframework.test.context.support.AbstractDirtiesContextTestExecutionListener - Before test class: context [DefaultTestContext@604c5de8 testClass = ConfigServerApplicationTests, testInstance = [null], testMethod = [null], testException = [null], mergedContextConfiguration = [WebMergedContextConfiguration@37091312 testClass = ConfigServerApplicationTests, locations = '{}', classes = '{class com.fortest.myorders.config_server.ConfigServerApplication}', contextInitializerClasses = '[]', activeProfiles = '{}', propertySourceLocations = '{}', propertySourceProperties = '{org.springframework.boot.test.context.SpringBootTestContextBootstrapper=true}', contextCustomizers = set[org.springframework.boot.test.context.filter.ExcludeFilterContextCustomizer@8519cb4, org.springframework.boot.test.json.DuplicateJsonObjectContextCustomizerFactory$DuplicateJsonObjectContextCustomizer@5f049ea1, org.springframework.boot.test.mock.mockito.MockitoContextCustomizer@0, org.springframework.boot.test.web.client.TestRestTemplateContextCustomizer@6fa51cd4, org.springframework.boot.test.autoconfigure.actuate.metrics.MetricsExportContextCustomizerFactory$DisableMetricExportContextCustomizer@268f106e, org.springframework.boot.test.autoconfigure.properties.PropertyMappingContextCustomizer@0, org.springframework.boot.test.autoconfigure.web.servlet.WebDriverContextCustomizerFactory$Customizer@792b749c, org.springframework.boot.test.context.SpringBootTestArgs@1, org.springframework.boot.test.context.SpringBootTestWebEnvironment@1372ed45], resourceBasePath = 'src/main/webapp', contextLoader = 'org.springframework.boot.test.context.SpringBootContextLoader', parent = [null]], attributes = map['org.springframework.test.context.web.ServletTestExecutionListener.activateListener' -> true]], class annotated with @DirtiesContext [false] with mode [null].

  .   ____          _            __ _ _
 /\\ / ___'_ __ _ _(_)_ __  __ _ \ \ \ \
( ( )\___ | '_ | '_| | '_ \/ _` | \ \ \ \
 \\/  ___)| |_)| | | | | || (_| |  ) ) ) )
  '  |____| .__|_| |_|_| |_\__, | / / / /
 =========|_|==============|___/=/_/_/_/
 :: Spring Boot ::                (v2.7.0)

2024-11-07 09:01:56.547  INFO 12456 --- [           main] c.f.m.c.ConfigServerApplicationTests     : Starting ConfigServerApplicationTests using Java 21.0.1 on DZIKO with PID 12456 (started by DZIKO in C:\Users\DZIKO\Desktop\My Docs\Cours\MicroServices\myordersservices\myordersservices\config-server)
2024-11-07 09:01:56.549  INFO 12456 --- [           main] c.f.m.c.ConfigServerApplicationTests     : No active profile set, falling back to 1 default profile: "default"
2024-11-07 09:01:59.214  INFO 12456 --- [           main] o.s.cloud.context.scope.GenericScope     : BeanFactory id=44ad99df-42c0-37d7-8c8d-6ae4060878ca
2024-11-07 09:02:02.435  INFO 12456 --- [           main] o.s.cloud.commons.util.InetUtils         : Cannot determine local hostname
2024-11-07 09:02:11.360  INFO 12456 --- [           main] o.s.cloud.commons.util.InetUtils         : Cannot determine local hostname
2024-11-07 09:02:11.394  INFO 12456 --- [           main] DiscoveryClientOptionalArgsConfiguration : Eureka HTTP Client uses RestTemplate.
2024-11-07 09:02:12.405  WARN 12456 --- [           main] iguration$LoadBalancerCaffeineWarnLogger : Spring Cloud LoadBalancer is currently working with the default cache. While this cache implementation is useful for development and tests, it's recommended to use Caffeine cache in production.You can switch to using Caffeine cache, by adding it and org.springframework.cache.caffeine.CaffeineCacheManager to the classpath.
2024-11-07 09:02:12.441  INFO 12456 --- [           main] o.s.b.a.e.web.EndpointLinksResolver      : Exposing 4 endpoint(s) beneath base path '/actuator'
2024-11-07 09:02:12.632  INFO 12456 --- [           main] o.s.c.n.eureka.InstanceInfoFactory       : Setting initial instance status as: STARTING
2024-11-07 09:02:13.226  INFO 12456 --- [           main] com.netflix.discovery.DiscoveryClient    : Initializing Eureka in region us-east-1
2024-11-07 09:02:13.259  INFO 12456 --- [           main] c.n.d.s.r.aws.ConfigClusterResolver      : Resolving eureka endpoints via configuration
2024-11-07 09:02:13.339  INFO 12456 --- [           main] com.netflix.discovery.DiscoveryClient    : Disable delta property : false
2024-11-07 09:02:13.340  INFO 12456 --- [           main] com.netflix.discovery.DiscoveryClient    : Single vip registry refresh property : null
2024-11-07 09:02:13.340  INFO 12456 --- [           main] com.netflix.discovery.DiscoveryClient    : Force full registry fetch : false
2024-11-07 09:02:13.340  INFO 12456 --- [           main] com.netflix.discovery.DiscoveryClient    : Application is null : false
2024-11-07 09:02:13.341  INFO 12456 --- [           main] com.netflix.discovery.DiscoveryClient    : Registered Applications size is zero : true
2024-11-07 09:02:13.343  INFO 12456 --- [           main] com.netflix.discovery.DiscoveryClient    : Application version is -1: true
2024-11-07 09:02:13.344  INFO 12456 --- [           main] com.netflix.discovery.DiscoveryClient    : Getting all instance registry info from the eureka server
2024-11-07 09:02:14.009  INFO 12456 --- [           main] com.netflix.discovery.DiscoveryClient    : The response status is 200
2024-11-07 09:02:14.019  INFO 12456 --- [           main] com.netflix.discovery.DiscoveryClient    : Starting heartbeat executor: renew interval is: 30
2024-11-07 09:02:14.024  INFO 12456 --- [           main] c.n.discovery.InstanceInfoReplicator     : InstanceInfoReplicator onDemand update allowed rate per min is 4
2024-11-07 09:02:14.036  INFO 12456 --- [           main] com.netflix.discovery.DiscoveryClient    : Discovery Client initialized at timestamp 1730970134034 with initial instances count: 0
2024-11-07 09:02:14.055  INFO 12456 --- [           main] o.s.c.n.e.s.EurekaServiceRegistry        : Registering application CONFIG-SERVER with eureka with status UP
2024-11-07 09:02:14.074  INFO 12456 --- [           main] com.netflix.discovery.DiscoveryClient    : Saw local status change event StatusChangeEvent [timestamp=1730970134074, current=UP, previous=STARTING]
2024-11-07 09:02:14.078  INFO 12456 --- [nfoReplicator-0] com.netflix.discovery.DiscoveryClient    : DiscoveryClient_CONFIG-SERVER/localhost:config-server:8888: registering service...
2024-11-07 09:02:14.206  INFO 12456 --- [           main] c.f.m.c.ConfigServerApplicationTests     : Started ConfigServerApplicationTests in 19.391 seconds (JVM running for 21.713)
2024-11-07 09:02:14.896  INFO 12456 --- [nfoReplicator-0] com.netflix.discovery.DiscoveryClient    : DiscoveryClient_CONFIG-SERVER/localhost:config-server:8888 - registration status: 204
]]></system-out>
  </testcase>
</testsuite>